[0515/111228.218:ERROR:content\browser\network_sandbox.cc:385] Failed to grant sandbox access to cache directory C:\Users\003\Desktop\insta_profile\Default\Cache\Cache_Data: Access is denied. (0x5)
[0515/111228.220:ERROR:content\browser\network_sandbox.cc:318] Failed to grant sandbox access to NoVarySearch directory C:\Users\003\Desktop\insta_profile\Default\Cache\No_Vary_Search: Access is denied. (0x5)
[0515/111228.220:ERROR:content\browser\network_sandbox.cc:318] Failed to grant sandbox access to SharedDictionary directory C:\Users\003\Desktop\insta_profile\Default\Shared Dictionary: Access is denied. (0x5)
[0515/111228.223:ERROR:content\browser\network_sandbox.cc:490] Failed to grant sandbox access to network context data directory C:\Users\003\Desktop\insta_profile\Default\Network: Access is denied. (0x5)
[0515/111228.319:ERROR:content\browser\network_service_instance_impl.cc:243] Encountered error while migrating network context data or granting sandbox access for C:\Users\003\Desktop\insta_profile\Default\Network. Result: 11: The operation completed successfully. (0x0)
[0515/111228.320:ERROR:net\disk_cache\cache_util_win.cc:25] Unable to move the cache: Access is denied. (0x5)
[0515/111228.320:ERROR:net\disk_cache\cache_util_win.cc:25] Unable to move the cache: Access is denied. (0x5)
[0515/111228.321:ERROR:net\disk_cache\cache_util_win.cc:25] Unable to move the cache: Access is denied. (0x5)
[0515/111228.330:ERROR:net\disk_cache\disk_cache.cc:272] Unable to create cache
[0515/111228.331:ERROR:gpu\ipc\host\gpu_disk_cache.cc:725] Gpu Cache Creation failed: -2
[0515/111228.331:ERROR:net\disk_cache\disk_cache.cc:272] Unable to create cache
[0515/111228.331:ERROR:gpu\ipc\host\gpu_disk_cache.cc:725] Gpu Cache Creation failed: -2
[0515/111228.331:ERROR:net\disk_cache\disk_cache.cc:272] Unable to create cache
[0515/111228.331:ERROR:gpu\ipc\host\gpu_disk_cache.cc:725] Gpu Cache Creation failed: -2
[0515/111230.249:WARNING:components\leveldb_proto\internal\leveldb_database.cc:124] Unable to open C:\Users\003\Desktop\insta_profile\Default\PersistentOriginTrials: IO error: C:\Users\003\Desktop\insta_profile\Default\PersistentOriginTrials/LOCK: Access denied. (ChromeMethodBFE: 15::LockFile::5)
[0515/111231.259:ERROR:components\services\storage\service_worker\service_worker_storage.cc:1808] Failed to delete the database: Database IO error
[0515/111232.272:WARNING:components\leveldb_proto\internal\leveldb_database.cc:124] Unable to open C:\Users\003\Desktop\insta_profile\Default\shared_proto_db\metadata: IO error: C:\Users\003\Desktop\insta_profile\Default\shared_proto_db\metadata/LOCK: Access denied. (ChromeMethodBFE: 15::LockFile::5)
[0515/111234.295:WARNING:components\leveldb_proto\internal\leveldb_database.cc:124] Unable to open C:\Users\003\Desktop\insta_profile\Default\shared_proto_db\metadata: IO error: C:\Users\003\Desktop\insta_profile\Default\shared_proto_db\metadata/LOCK: Access denied. (ChromeMethodBFE: 15::LockFile::5)
[0515/111236.322:WARNING:components\leveldb_proto\internal\leveldb_database.cc:124] Unable to open C:\Users\003\Desktop\insta_profile\Default\shared_proto_db\metadata: IO error: C:\Users\003\Desktop\insta_profile\Default\shared_proto_db\metadata/LOCK: Access denied. (ChromeMethodBFE: 15::LockFile::5)
[0515/111238.341:WARNING:components\leveldb_proto\internal\leveldb_database.cc:124] Unable to open C:\Users\003\Desktop\insta_profile\Default\shared_proto_db\metadata: IO error: C:\Users\003\Desktop\insta_profile\Default\shared_proto_db\metadata/LOCK: Access denied. (ChromeMethodBFE: 15::LockFile::5)
[0515/111245.583:ERROR:storage\browser\quota\quota_database.cc:988] Could not open the quota database, resetting.
[0515/111245.965:INFO:CONSOLE:244] "
%cStop! font-family:helvetica; font-size:20px; font-size:50px; font-weight:bold; color:red; -webkit-text-stroke:1px black;", source: https://static.cdninstagram.com/rsrc.php/v4/yI/r/A3PSxQB1RSd.js (244)
[0515/111245.966:INFO:CONSOLE:244] "
%cThis is a browser feature intended for developers. If someone told you to copy-paste something here to enable an Instagram feature or "hack" someone's account, it is a scam and will give them access to your Instagram account. font-family:helvetica; font-size:20px; ", source: https://static.cdninstagram.com/rsrc.php/v4/yI/r/A3PSxQB1RSd.js (244)
[0515/111245.966:INFO:CONSOLE:244] "
%cSee https://www.facebook.com/selfxss for more information. font-family:helvetica; font-size:20px; ", source: https://static.cdninstagram.com/rsrc.php/v4/yI/r/A3PSxQB1RSd.js (244)
[0515/111245.966:INFO:CONSOLE:244] "
%c ", source: https://static.cdninstagram.com/rsrc.php/v4/yI/r/A3PSxQB1RSd.js (244)
[0515/111247.846:INFO:CONSOLE:79] "ErrorUtils caught an error:

 [Caught in: unexpected]

Subsequent non-fatal errors won't be logged; see https://fburl.com/debugjs. [object Object]", source: https://static.cdninstagram.com/rsrc.php/v4/yI/r/A3PSxQB1RSd.js (79)
[0515/111248.479:ERROR:storage\browser\quota\quota_database.cc:988] Could not open the quota database, resetting.
[0515/111251.404:ERROR:storage\browser\quota\quota_database.cc:993] Failed to reset the quota database.
[0515/111251.404:ERROR:storage\browser\quota\quota_database.cc:993] Failed to reset the quota database.
[0515/111252.147:INFO:CONSOLE:244] "
%cStop! font-family:helvetica; font-size:20px; font-size:50px; font-weight:bold; color:red; -webkit-text-stroke:1px black;", source: https://static.cdninstagram.com/rsrc.php/v4/yI/r/A3PSxQB1RSd.js (244)
[0515/111252.147:INFO:CONSOLE:244] "
%cThis is a browser feature intended for developers. If someone told you to copy-paste something here to enable an Instagram feature or "hack" someone's account, it is a scam and will give them access to your Instagram account. font-family:helvetica; font-size:20px; ", source: https://static.cdninstagram.com/rsrc.php/v4/yI/r/A3PSxQB1RSd.js (244)
[0515/111252.147:INFO:CONSOLE:244] "
%cSee https://www.facebook.com/selfxss for more information. font-family:helvetica; font-size:20px; ", source: https://static.cdninstagram.com/rsrc.php/v4/yI/r/A3PSxQB1RSd.js (244)
[0515/111252.147:INFO:CONSOLE:244] "
%c ", source: https://static.cdninstagram.com/rsrc.php/v4/yI/r/A3PSxQB1RSd.js (244)
[0515/111256.162:INFO:CONSOLE:79] "ErrorUtils caught an error:

 [Caught in: unexpected]

Subsequent non-fatal errors won't be logged; see https://fburl.com/debugjs. [object Object]", source: https://static.cdninstagram.com/rsrc.php/v4/yI/r/A3PSxQB1RSd.js (79)
[0515/111303.152:INFO:CONSOLE:244] "
%cStop! font-family:helvetica; font-size:20px; font-size:50px; font-weight:bold; color:red; -webkit-text-stroke:1px black;", source: https://static.cdninstagram.com/rsrc.php/v4/yI/r/A3PSxQB1RSd.js (244)
[0515/111303.152:INFO:CONSOLE:244] "
%cThis is a browser feature intended for developers. If someone told you to copy-paste something here to enable an Instagram feature or "hack" someone's account, it is a scam and will give them access to your Instagram account. font-family:helvetica; font-size:20px; ", source: https://static.cdninstagram.com/rsrc.php/v4/yI/r/A3PSxQB1RSd.js (244)
[0515/111303.152:INFO:CONSOLE:244] "
%cSee https://www.facebook.com/selfxss for more information. font-family:helvetica; font-size:20px; ", source: https://static.cdninstagram.com/rsrc.php/v4/yI/r/A3PSxQB1RSd.js (244)
[0515/111303.152:INFO:CONSOLE:244] "
%c ", source: https://static.cdninstagram.com/rsrc.php/v4/yI/r/A3PSxQB1RSd.js (244)
[0515/111305.182:INFO:CONSOLE:79] "ErrorUtils caught an error:

 [Caught in: unexpected]

Subsequent non-fatal errors won't be logged; see https://fburl.com/debugjs. [object Object]", source: https://static.cdninstagram.com/rsrc.php/v4/yI/r/A3PSxQB1RSd.js (79)
[0515/111313.476:INFO:CONSOLE:244] "
%cStop! font-family:helvetica; font-size:20px; font-size:50px; font-weight:bold; color:red; -webkit-text-stroke:1px black;", source: https://static.cdninstagram.com/rsrc.php/v4/yI/r/A3PSxQB1RSd.js (244)
[0515/111313.477:INFO:CONSOLE:244] "
%cThis is a browser feature intended for developers. If someone told you to copy-paste something here to enable an Instagram feature or "hack" someone's account, it is a scam and will give them access to your Instagram account. font-family:helvetica; font-size:20px; ", source: https://static.cdninstagram.com/rsrc.php/v4/yI/r/A3PSxQB1RSd.js (244)
[0515/111313.477:INFO:CONSOLE:244] "
%cSee https://www.facebook.com/selfxss for more information. font-family:helvetica; font-size:20px; ", source: https://static.cdninstagram.com/rsrc.php/v4/yI/r/A3PSxQB1RSd.js (244)
[0515/111313.477:INFO:CONSOLE:244] "
%c ", source: https://static.cdninstagram.com/rsrc.php/v4/yI/r/A3PSxQB1RSd.js (244)
[0515/111315.575:INFO:CONSOLE:79] "ErrorUtils caught an error:

 [Caught in: unexpected]

Subsequent non-fatal errors won't be logged; see https://fburl.com/debugjs. [object Object]", source: https://static.cdninstagram.com/rsrc.php/v4/yI/r/A3PSxQB1RSd.js (79)
[0515/111322.263:INFO:CONSOLE:244] "
%cStop! font-family:helvetica; font-size:20px; font-size:50px; font-weight:bold; color:red; -webkit-text-stroke:1px black;", source: https://static.cdninstagram.com/rsrc.php/v4/yI/r/A3PSxQB1RSd.js (244)
[0515/111322.263:INFO:CONSOLE:244] "
%cThis is a browser feature intended for developers. If someone told you to copy-paste something here to enable an Instagram feature or "hack" someone's account, it is a scam and will give them access to your Instagram account. font-family:helvetica; font-size:20px; ", source: https://static.cdninstagram.com/rsrc.php/v4/yI/r/A3PSxQB1RSd.js (244)
[0515/111322.263:INFO:CONSOLE:244] "
%cSee https://www.facebook.com/selfxss for more information. font-family:helvetica; font-size:20px; ", source: https://static.cdninstagram.com/rsrc.php/v4/yI/r/A3PSxQB1RSd.js (244)
[0515/111322.263:INFO:CONSOLE:244] "
%c ", source: https://static.cdninstagram.com/rsrc.php/v4/yI/r/A3PSxQB1RSd.js (244)
[0515/111324.715:INFO:CONSOLE:79] "ErrorUtils caught an error:

 [Caught in: unexpected]

Subsequent non-fatal errors won't be logged; see https://fburl.com/debugjs. [object Object]", source: https://static.cdninstagram.com/rsrc.php/v4/yI/r/A3PSxQB1RSd.js (79)
[0515/111332.018:INFO:CONSOLE:244] "
%cStop! font-family:helvetica; font-size:20px; font-size:50px; font-weight:bold; color:red; -webkit-text-stroke:1px black;", source: https://static.cdninstagram.com/rsrc.php/v4/yI/r/A3PSxQB1RSd.js (244)
[0515/111332.018:INFO:CONSOLE:244] "
%cThis is a browser feature intended for developers. If someone told you to copy-paste something here to enable an Instagram feature or "hack" someone's account, it is a scam and will give them access to your Instagram account. font-family:helvetica; font-size:20px; ", source: https://static.cdninstagram.com/rsrc.php/v4/yI/r/A3PSxQB1RSd.js (244)
[0515/111332.018:INFO:CONSOLE:244] "
%cSee https://www.facebook.com/selfxss for more information. font-family:helvetica; font-size:20px; ", source: https://static.cdninstagram.com/rsrc.php/v4/yI/r/A3PSxQB1RSd.js (244)
[0515/111332.018:INFO:CONSOLE:244] "
%c ", source: https://static.cdninstagram.com/rsrc.php/v4/yI/r/A3PSxQB1RSd.js (244)
[0515/111334.140:INFO:CONSOLE:79] "ErrorUtils caught an error:

 [Caught in: unexpected]

Subsequent non-fatal errors won't be logged; see https://fburl.com/debugjs. [object Object]", source: https://static.cdninstagram.com/rsrc.php/v4/yI/r/A3PSxQB1RSd.js (79)
[0515/111341.949:ERROR:net\disk_cache\simple\simple_index_file.cc:331] Failed to write the temporary index file
[0515/112120.050:ERROR:content\browser\network_sandbox.cc:385] Failed to grant sandbox access to cache directory C:\Users\003\Desktop\insta_profile\Default\Cache\Cache_Data: Access is denied. (0x5)
[0515/112120.051:ERROR:content\browser\network_sandbox.cc:318] Failed to grant sandbox access to NoVarySearch directory C:\Users\003\Desktop\insta_profile\Default\Cache\No_Vary_Search: Access is denied. (0x5)
[0515/112120.052:ERROR:content\browser\network_sandbox.cc:318] Failed to grant sandbox access to SharedDictionary directory C:\Users\003\Desktop\insta_profile\Default\Shared Dictionary: Access is denied. (0x5)
[0515/112120.052:ERROR:content\browser\network_sandbox.cc:490] Failed to grant sandbox access to network context data directory C:\Users\003\Desktop\insta_profile\Default\Network: Access is denied. (0x5)
[0515/112120.075:ERROR:content\browser\network_service_instance_impl.cc:243] Encountered error while migrating network context data or granting sandbox access for C:\Users\003\Desktop\insta_profile\Default\Network. Result: 11: The operation completed successfully. (0x0)
[0515/112120.075:ERROR:net\disk_cache\cache_util_win.cc:25] Unable to move the cache: Access is denied. (0x5)
[0515/112120.077:ERROR:net\disk_cache\cache_util_win.cc:25] Unable to move the cache: Access is denied. (0x5)
[0515/112120.075:ERROR:net\disk_cache\cache_util_win.cc:25] Unable to move the cache: Access is denied. (0x5)
[0515/112120.077:ERROR:net\disk_cache\disk_cache.cc:272] Unable to create cache
[0515/112120.077:ERROR:gpu\ipc\host\gpu_disk_cache.cc:725] Gpu Cache Creation failed: -2
[0515/112120.079:ERROR:net\disk_cache\disk_cache.cc:272] Unable to create cache
[0515/112120.079:ERROR:gpu\ipc\host\gpu_disk_cache.cc:725] Gpu Cache Creation failed: -2
[0515/112120.079:ERROR:net\disk_cache\disk_cache.cc:272] Unable to create cache
[0515/112120.079:ERROR:gpu\ipc\host\gpu_disk_cache.cc:725] Gpu Cache Creation failed: -2
[0515/112122.068:WARNING:components\leveldb_proto\internal\leveldb_database.cc:124] Unable to open C:\Users\003\Desktop\insta_profile\Default\PersistentOriginTrials: IO error: C:\Users\003\Desktop\insta_profile\Default\PersistentOriginTrials/LOCK: Access denied. (ChromeMethodBFE: 15::LockFile::5)
[0515/112123.072:ERROR:components\services\storage\service_worker\service_worker_storage.cc:1808] Failed to delete the database: Database IO error
[0515/112124.089:WARNING:components\leveldb_proto\internal\leveldb_database.cc:124] Unable to open C:\Users\003\Desktop\insta_profile\Default\shared_proto_db\metadata: IO error: C:\Users\003\Desktop\insta_profile\Default\shared_proto_db\metadata/LOCK: Access denied. (ChromeMethodBFE: 15::LockFile::5)
[0515/112126.105:WARNING:components\leveldb_proto\internal\leveldb_database.cc:124] Unable to open C:\Users\003\Desktop\insta_profile\Default\shared_proto_db\metadata: IO error: C:\Users\003\Desktop\insta_profile\Default\shared_proto_db\metadata/LOCK: Access denied. (ChromeMethodBFE: 15::LockFile::5)
[0515/112128.126:WARNING:components\leveldb_proto\internal\leveldb_database.cc:124] Unable to open C:\Users\003\Desktop\insta_profile\Default\shared_proto_db\metadata: IO error: C:\Users\003\Desktop\insta_profile\Default\shared_proto_db\metadata/LOCK: Access denied. (ChromeMethodBFE: 15::LockFile::5)
[0515/112129.848:ERROR:storage\browser\quota\quota_database.cc:988] Could not open the quota database, resetting.
[0515/112130.149:WARNING:components\leveldb_proto\internal\leveldb_database.cc:124] Unable to open C:\Users\003\Desktop\insta_profile\Default\shared_proto_db\metadata: IO error: C:\Users\003\Desktop\insta_profile\Default\shared_proto_db\metadata/LOCK: Access denied. (ChromeMethodBFE: 15::LockFile::5)
[0515/112130.164:INFO:CONSOLE:244] "
%cStop! font-family:helvetica; font-size:20px; font-size:50px; font-weight:bold; color:red; -webkit-text-stroke:1px black;", source: https://static.cdninstagram.com/rsrc.php/v4/yI/r/A3PSxQB1RSd.js (244)
[0515/112130.165:INFO:CONSOLE:244] "
%cThis is a browser feature intended for developers. If someone told you to copy-paste something here to enable an Instagram feature or "hack" someone's account, it is a scam and will give them access to your Instagram account. font-family:helvetica; font-size:20px; ", source: https://static.cdninstagram.com/rsrc.php/v4/yI/r/A3PSxQB1RSd.js (244)
[0515/112130.165:INFO:CONSOLE:244] "
%cSee https://www.facebook.com/selfxss for more information. font-family:helvetica; font-size:20px; ", source: https://static.cdninstagram.com/rsrc.php/v4/yI/r/A3PSxQB1RSd.js (244)
[0515/112130.165:INFO:CONSOLE:244] "
%c ", source: https://static.cdninstagram.com/rsrc.php/v4/yI/r/A3PSxQB1RSd.js (244)
[0515/112132.658:INFO:CONSOLE:79] "ErrorUtils caught an error:

 [Caught in: unexpected]

Subsequent non-fatal errors won't be logged; see https://fburl.com/debugjs. [object Object]", source: https://static.cdninstagram.com/rsrc.php/v4/yI/r/A3PSxQB1RSd.js (79)
[0515/112132.762:ERROR:storage\browser\quota\quota_database.cc:988] Could not open the quota database, resetting.
[0515/112135.669:ERROR:storage\browser\quota\quota_database.cc:993] Failed to reset the quota database.
[0515/112135.669:ERROR:storage\browser\quota\quota_database.cc:993] Failed to reset the quota database.
[0515/112141.122:INFO:CONSOLE:244] "
%cStop! font-family:helvetica; font-size:20px; font-size:50px; font-weight:bold; color:red; -webkit-text-stroke:1px black;", source: https://static.cdninstagram.com/rsrc.php/v4/yI/r/A3PSxQB1RSd.js (244)
[0515/112141.123:INFO:CONSOLE:244] "
%cThis is a browser feature intended for developers. If someone told you to copy-paste something here to enable an Instagram feature or "hack" someone's account, it is a scam and will give them access to your Instagram account. font-family:helvetica; font-size:20px; ", source: https://static.cdninstagram.com/rsrc.php/v4/yI/r/A3PSxQB1RSd.js (244)
[0515/112141.123:INFO:CONSOLE:244] "
%cSee https://www.facebook.com/selfxss for more information. font-family:helvetica; font-size:20px; ", source: https://static.cdninstagram.com/rsrc.php/v4/yI/r/A3PSxQB1RSd.js (244)
[0515/112141.123:INFO:CONSOLE:244] "
%c ", source: https://static.cdninstagram.com/rsrc.php/v4/yI/r/A3PSxQB1RSd.js (244)
[0515/112145.281:INFO:CONSOLE:79] "ErrorUtils caught an error:

 [Caught in: unexpected]

Subsequent non-fatal errors won't be logged; see https://fburl.com/debugjs. [object Object]", source: https://static.cdninstagram.com/rsrc.php/v4/yI/r/A3PSxQB1RSd.js (79)
[0515/112152.575:INFO:CONSOLE:244] "
%cStop! font-family:helvetica; font-size:20px; font-size:50px; font-weight:bold; color:red; -webkit-text-stroke:1px black;", source: https://static.cdninstagram.com/rsrc.php/v4/yI/r/A3PSxQB1RSd.js (244)
[0515/112152.575:INFO:CONSOLE:244] "
%cThis is a browser feature intended for developers. If someone told you to copy-paste something here to enable an Instagram feature or "hack" someone's account, it is a scam and will give them access to your Instagram account. font-family:helvetica; font-size:20px; ", source: https://static.cdninstagram.com/rsrc.php/v4/yI/r/A3PSxQB1RSd.js (244)
[0515/112152.575:INFO:CONSOLE:244] "
%cSee https://www.facebook.com/selfxss for more information. font-family:helvetica; font-size:20px; ", source: https://static.cdninstagram.com/rsrc.php/v4/yI/r/A3PSxQB1RSd.js (244)
[0515/112152.575:INFO:CONSOLE:244] "
%c ", source: https://static.cdninstagram.com/rsrc.php/v4/yI/r/A3PSxQB1RSd.js (244)
[0515/112154.697:INFO:CONSOLE:79] "ErrorUtils caught an error:

 [Caught in: unexpected]

Subsequent non-fatal errors won't be logged; see https://fburl.com/debugjs. [object Object]", source: https://static.cdninstagram.com/rsrc.php/v4/yI/r/A3PSxQB1RSd.js (79)
[0515/112203.869:INFO:CONSOLE:244] "
%cStop! font-family:helvetica; font-size:20px; font-size:50px; font-weight:bold; color:red; -webkit-text-stroke:1px black;", source: https://static.cdninstagram.com/rsrc.php/v4/yI/r/A3PSxQB1RSd.js (244)
[0515/112203.869:INFO:CONSOLE:244] "
%cThis is a browser feature intended for developers. If someone told you to copy-paste something here to enable an Instagram feature or "hack" someone's account, it is a scam and will give them access to your Instagram account. font-family:helvetica; font-size:20px; ", source: https://static.cdninstagram.com/rsrc.php/v4/yI/r/A3PSxQB1RSd.js (244)
[0515/112203.869:INFO:CONSOLE:244] "
%cSee https://www.facebook.com/selfxss for more information. font-family:helvetica; font-size:20px; ", source: https://static.cdninstagram.com/rsrc.php/v4/yI/r/A3PSxQB1RSd.js (244)
[0515/112203.869:INFO:CONSOLE:244] "
%c ", source: https://static.cdninstagram.com/rsrc.php/v4/yI/r/A3PSxQB1RSd.js (244)
[0515/112206.285:INFO:CONSOLE:79] "ErrorUtils caught an error:

 [Caught in: unexpected]

Subsequent non-fatal errors won't be logged; see https://fburl.com/debugjs. [object Object]", source: https://static.cdninstagram.com/rsrc.php/v4/yI/r/A3PSxQB1RSd.js (79)
[0515/112213.253:INFO:CONSOLE:244] "
%cStop! font-family:helvetica; font-size:20px; font-size:50px; font-weight:bold; color:red; -webkit-text-stroke:1px black;", source: https://static.cdninstagram.com/rsrc.php/v4/yI/r/A3PSxQB1RSd.js (244)
[0515/112213.253:INFO:CONSOLE:244] "
%cThis is a browser feature intended for developers. If someone told you to copy-paste something here to enable an Instagram feature or "hack" someone's account, it is a scam and will give them access to your Instagram account. font-family:helvetica; font-size:20px; ", source: https://static.cdninstagram.com/rsrc.php/v4/yI/r/A3PSxQB1RSd.js (244)
[0515/112213.253:INFO:CONSOLE:244] "
%cSee https://www.facebook.com/selfxss for more information. font-family:helvetica; font-size:20px; ", source: https://static.cdninstagram.com/rsrc.php/v4/yI/r/A3PSxQB1RSd.js (244)
[0515/112213.253:INFO:CONSOLE:244] "
%c ", source: https://static.cdninstagram.com/rsrc.php/v4/yI/r/A3PSxQB1RSd.js (244)
[0515/112215.922:INFO:CONSOLE:79] "ErrorUtils caught an error:

 [Caught in: unexpected]

Subsequent non-fatal errors won't be logged; see https://fburl.com/debugjs. [object Object]", source: https://static.cdninstagram.com/rsrc.php/v4/yI/r/A3PSxQB1RSd.js (79)
[0515/112222.005:INFO:CONSOLE:244] "
%cStop! font-family:helvetica; font-size:20px; font-size:50px; font-weight:bold; color:red; -webkit-text-stroke:1px black;", source: https://static.cdninstagram.com/rsrc.php/v4/yI/r/A3PSxQB1RSd.js (244)
[0515/112222.005:INFO:CONSOLE:244] "
%cThis is a browser feature intended for developers. If someone told you to copy-paste something here to enable an Instagram feature or "hack" someone's account, it is a scam and will give them access to your Instagram account. font-family:helvetica; font-size:20px; ", source: https://static.cdninstagram.com/rsrc.php/v4/yI/r/A3PSxQB1RSd.js (244)
[0515/112222.005:INFO:CONSOLE:244] "
%cSee https://www.facebook.com/selfxss for more information. font-family:helvetica; font-size:20px; ", source: https://static.cdninstagram.com/rsrc.php/v4/yI/r/A3PSxQB1RSd.js (244)
[0515/112222.005:INFO:CONSOLE:244] "
%c ", source: https://static.cdninstagram.com/rsrc.php/v4/yI/r/A3PSxQB1RSd.js (244)
[0515/112224.215:INFO:CONSOLE:79] "ErrorUtils caught an error:

 [Caught in: unexpected]

Subsequent non-fatal errors won't be logged; see https://fburl.com/debugjs. [object Object]", source: https://static.cdninstagram.com/rsrc.php/v4/yI/r/A3PSxQB1RSd.js (79)
[0515/112230.731:ERROR:net\disk_cache\simple\simple_index_file.cc:331] Failed to write the temporary index file
